#
# There is insufficient memory for the Java Runtime Environment to continue.
# Native memory allocation (malloc) failed to allocate 32744 bytes for ChunkPool::allocate
# Possible reasons:
#   The system is out of physical RAM or swap space
#   The process is running with CompressedOops enabled, and the Java Heap may be blocking the growth of the native heap
# Possible solutions:
#   Reduce memory load on the system
#   Increase physical memory or swap space
#   Check if swap backing store is full
#   Decrease Java heap size (-Xmx/-Xms)
#   Decrease number of Java threads
#   Decrease Java thread stack sizes (-Xss)
#   Set larger code cache with -XX:ReservedCodeCacheSize=
#   JVM is running with Unscaled Compressed Oops mode in which the Java heap is
#     placed in the first 4GB address space. The Java Heap base address is the
#     maximum limit for the native heap growth. Please use -XX:HeapBaseMinAddress
#     to set the Java Heap base and to place the Java Heap above 4GB virtual address.
# This output file may be truncated or incomplete.
#
#  Out of Memory Error (arena.cpp:78), pid=22412, tid=16344
#
# JRE version: OpenJDK Runtime Environment Temurin-17.0.4.1+1 (17.0.4.1+1) (build 17.0.4.1+1)
# Java VM: OpenJDK 64-Bit Server VM Temurin-17.0.4.1+1 (17.0.4.1+1, mixed mode, tiered, compressed oops, compressed class ptrs, parallel gc, windows-amd64)
# No core dump will be written. Minidumps are not enabled by default on client versions of Windows
#

---------------  S U M M A R Y ------------

Command Line: --add-modules=ALL-SYSTEM --add-opens=java.base/java.util=ALL-UNNAMED --add-opens=java.base/java.lang=ALL-UNNAMED --add-opens=java.base/sun.nio.fs=ALL-UNNAMED -Declipse.application=org.eclipse.jdt.ls.core.id1 -Dosgi.bundles.defaultStartLevel=4 -Declipse.product=org.eclipse.jdt.ls.core.product -Djava.import.generatesMetadataFilesAtProjectRoot=false -Dfile.encoding=utf8 -XX:+UseParallelGC -XX:GCTimeRatio=4 -XX:AdaptiveSizePolicyWeight=90 -Dsun.zip.disableMemoryMapping=true -Xmx1G -Xms100m -Xlog:disable -javaagent:c:\Users\HP\.antigravity\extensions\redhat.java-1.12.0-win32-x64\lombok\lombok-1.18.24.jar c:\Users\HP\.antigravity\extensions\redhat.java-1.12.0-win32-x64\server\plugins\org.eclipse.equinox.launcher_1.6.400.v20210924-0641.jar -configuration c:\Users\HP\AppData\Roaming\Antigravity\User\globalStorage\redhat.java\1.12.0\config_ss_win -data c:\Users\HP\AppData\Roaming\Antigravity\User\workspaceStorage\7b8b61b299eea0f559376d513b5d8a95\redhat.java\ss_ws

Host: Intel(R) Core(TM) i7-1065G7 CPU @ 1.30GHz, 8 cores, 15G,  Windows 11 , 64 bit Build 26100 (10.0.26100.7705)
Time: Fri Mar 27 06:50:58 2026 W. Central Africa Standard Time elapsed time: 14.272575 seconds (0d 0h 0m 14s)

---------------  T H R E A D  ---------------

Current thread (0x00000254d08ce4f0):  JavaThread "C2 CompilerThread0" daemon [_thread_in_vm, id=16344, stack(0x000000723d100000,0x000000723d200000)]


Current CompileTask:
C2:  14272 1057       4       java.io.DataInputStream::readUTF (501 bytes)

Stack: [0x000000723d100000,0x000000723d200000]
Native frames: (J=compiled Java code, j=interpreted, Vv=VM code, C=native code)
V  [jvm.dll+0x67731a]
V  [jvm.dll+0x832284]
V  [jvm.dll+0x833a2e]
V  [jvm.dll+0x834093]
V  [jvm.dll+0x245775]
V  [jvm.dll+0xabfc0]
V  [jvm.dll+0xac30c]
V  [jvm.dll+0x6645d7]
V  [jvm.dll+0x1fd8e4]
V  [jvm.dll+0x22dcb5]
V  [jvm.dll+0x64beb2]
V  [jvm.dll+0x64f0f4]
V  [jvm.dll+0x1c52d7]
V  [jvm.dll+0x67f474]
V  [jvm.dll+0x218a79]
V  [jvm.dll+0x217aa1]
V  [jvm.dll+0x1a3f8d]
V  [jvm.dll+0x227498]
V  [jvm.dll+0x2255e5]
V  [jvm.dll+0x7e7e9b]
V  [jvm.dll+0x7e240a]
V  [jvm.dll+0x6761a5]
C  [ucrtbase.dll+0x37b0]
C  [KERNEL32.DLL+0x2e8d7]
C  [ntdll.dll+0x8c40c]


---------------  P R O C E S S  ---------------

Threads class SMR info:
_java_thread_list=0x00000254d341f6d0, length=13, elements={
0x00000254baaf5ee0, 0x00000254babbb350, 0x00000254babbd120, 0x00000254d2316880,
0x00000254d08ca370, 0x00000254d08cd040, 0x00000254d08cd900, 0x00000254d08ce4f0,
0x00000254d23a8820, 0x00000254d23ac050, 0x00000254d24303a0, 0x00000254d25df710,
0x00000254d359c3e0
}

Java Threads: ( => current thread )
  0x00000254baaf5ee0 JavaThread "main" [_thread_blocked, id=21180, stack(0x000000723c800000,0x000000723c900000)]
  0x00000254babbb350 JavaThread "Reference Handler" daemon [_thread_blocked, id=26500, stack(0x000000723cb00000,0x000000723cc00000)]
  0x00000254babbd120 JavaThread "Finalizer" daemon [_thread_blocked, id=27176, stack(0x000000723cc00000,0x000000723cd00000)]
  0x00000254d2316880 JavaThread "Signal Dispatcher" daemon [_thread_blocked, id=20616, stack(0x000000723cd00000,0x000000723ce00000)]
  0x00000254d08ca370 JavaThread "Attach Listener" daemon [_thread_blocked, id=10312, stack(0x000000723ce00000,0x000000723cf00000)]
  0x00000254d08cd040 JavaThread "Service Thread" daemon [_thread_blocked, id=15744, stack(0x000000723cf00000,0x000000723d000000)]
  0x00000254d08cd900 JavaThread "Monitor Deflation Thread" daemon [_thread_blocked, id=12316, stack(0x000000723d000000,0x000000723d100000)]
=>0x00000254d08ce4f0 JavaThread "C2 CompilerThread0" daemon [_thread_in_vm, id=16344, stack(0x000000723d100000,0x000000723d200000)]
  0x00000254d23a8820 JavaThread "C1 CompilerThread0" daemon [_thread_blocked, id=22532, stack(0x000000723d200000,0x000000723d300000)]
  0x00000254d23ac050 JavaThread "Sweeper thread" daemon [_thread_blocked, id=12676, stack(0x000000723d300000,0x000000723d400000)]
  0x00000254d24303a0 JavaThread "Common-Cleaner" daemon [_thread_blocked, id=12500, stack(0x000000723d400000,0x000000723d500000)]
  0x00000254d25df710 JavaThread "Notification Thread" daemon [_thread_blocked, id=18540, stack(0x000000723d500000,0x000000723d600000)]
  0x00000254d359c3e0 JavaThread "C2 CompilerThread1" daemon [_thread_blocked, id=12176, stack(0x000000723dc00000,0x000000723dd00000)]

Other Threads:
  0x00000254d2301020 VMThread "VM Thread" [stack: 0x000000723ca00000,0x000000723cb00000] [id=5720] _threads_hazard_ptr=0x00000254d341f6d0
  0x00000254d25fe3d0 WatcherThread [stack: 0x000000723d600000,0x000000723d700000] [id=11240]
  0x00000254bab0d070 GCTaskThread "GC Thread#0" [stack: 0x000000723c900000,0x000000723ca00000] [id=17780]
  0x00000254d357a310 GCTaskThread "GC Thread#1" [stack: 0x000000723d700000,0x000000723d800000] [id=26916]
  0x00000254d357a5c0 GCTaskThread "GC Thread#2" [stack: 0x000000723d800000,0x000000723d900000] [id=20880]
  0x00000254d357a870 GCTaskThread "GC Thread#3" [stack: 0x000000723d900000,0x000000723da00000] [id=23784]
  0x00000254d34bce50 GCTaskThread "GC Thread#4" [stack: 0x000000723da00000,0x000000723db00000] [id=21368]
  0x00000254d34bd100 GCTaskThread "GC Thread#5" [stack: 0x000000723db00000,0x000000723dc00000] [id=26828]

Threads with active compile tasks:
C2 CompilerThread0    14328 1057       4       java.io.DataInputStream::readUTF (501 bytes)
C1 CompilerThread0    14328 1089       3       java.net.URI::quote (214 bytes)

VM state: synchronizing (normal execution)

VM Mutex/Monitor currently owned by a thread:  ([mutex/lock_event])
[0x00000254baaf2330] CodeCache_lock - owner thread: 0x00000254d08ce4f0
[0x00000254baaf2060] Threads_lock - owner thread: 0x00000254d2301020
[0x00000254baaf3ad0] Compile_lock - owner thread: 0x00000254d08ce4f0
[0x00000254baaf1e20] MethodCompileQueue_lock - owner thread: 0x00000254d08ce4f0

Heap address: 0x00000000c0000000, size: 1024 MB, Compressed Oops mode: 32-bit

CDS archive(s) not mapped
Compressed class space mapped at: 0x0000000100000000-0x0000000140000000, reserved size: 1073741824
Narrow klass base: 0x0000000000000000, Narrow klass shift: 3, Narrow klass range: 0x140000000

GC Precious Log:
 CPUs: 8 total, 8 available
 Memory: 16161M
 Large Page Support: Disabled
 NUMA Support: Disabled
 Compressed Oops: Enabled (32-bit)
 Alignments: Space 512K, Generation 512K, Heap 2M
 Heap Min Capacity: 100M
 Heap Initial Capacity: 100M
 Heap Max Capacity: 1G
 Pre-touch: Disabled
 Parallel Workers: 8

Heap:
 PSYoungGen      total 29696K, used 6886K [0x00000000eab00000, 0x00000000ecc00000, 0x0000000100000000)
  eden space 25600K, 14% used [0x00000000eab00000,0x00000000eae8f690,0x00000000ec400000)
  from space 4096K, 79% used [0x00000000ec400000,0x00000000ec72a228,0x00000000ec800000)
  to   space 4096K, 0% used [0x00000000ec800000,0x00000000ec800000,0x00000000ecc00000)
 ParOldGen       total 68608K, used 0K [0x00000000c0000000, 0x00000000c4300000, 0x00000000eab00000)
  object space 68608K, 0% used [0x00000000c0000000,0x00000000c0000000,0x00000000c4300000)
 Metaspace       used 11454K, committed 11648K, reserved 1064960K
  class space    used 1132K, committed 1216K, reserved 1048576K

Card table byte_map: [0x00000254ce140000,0x00000254ce350000] _byte_map_base: 0x00000254cdb40000

Marking Bits: (ParMarkBitMap*) 0x00007ffd32812cc0
 Begin Bits: [0x00000254ce4b0000, 0x00000254cf4b0000)
 End Bits:   [0x00000254cf4b0000, 0x00000254d04b0000)

Polling page: 0x00000254bef30000

Metaspace:

Usage:
  Non-class:     10.08 MB used.
      Class:      1.11 MB used.
       Both:     11.19 MB used.

Virtual space:
  Non-class space:       16.00 MB reserved,      10.19 MB ( 64%) committed,  2 nodes.
      Class space:        1.00 GB reserved,       1.19 MB ( <1%) committed,  1 nodes.
             Both:        1.02 GB reserved,      11.38 MB (  1%) committed. 

Chunk freelists:
   Non-Class:  1.52 MB
       Class:  2.62 MB
        Both:  4.14 MB

MaxMetaspaceSize: unlimited
CompressedClassSpaceSize: 1.00 GB
Initial GC threshold: 21.00 MB
Current GC threshold: 21.00 MB
CDS: off
MetaspaceReclaimPolicy: balanced
 - commit_granule_bytes: 65536.
 - commit_granule_words: 8192.
 - virtual_space_node_default_size: 1048576.
 - enlarge_chunks_in_place: 1.
 - new_chunks_are_fully_committed: 0.
 - uncommit_free_chunks: 1.
 - use_allocation_guard: 0.
 - handle_deallocations: 1.


Internal statistics:

num_allocs_failed_limit: 0.
num_arena_births: 32.
num_arena_deaths: 0.
num_vsnodes_births: 3.
num_vsnodes_deaths: 0.
num_space_committed: 182.
num_space_uncommitted: 0.
num_chunks_returned_to_freelist: 0.
num_chunks_taken_from_freelist: 130.
num_chunk_merges: 0.
num_chunk_splits: 91.
num_chunks_enlarged: 79.
num_purges: 0.
num_inconsistent_stats: 0.

CodeHeap 'non-profiled nmethods': size=120000Kb used=418Kb max_used=418Kb free=119581Kb
 bounds [0x00000254c6a20000, 0x00000254c6c90000, 0x00000254cdf50000]
CodeHeap 'profiled nmethods': size=120000Kb used=1907Kb max_used=1907Kb free=118093Kb
 bounds [0x00000254bf4f0000, 0x00000254bf760000, 0x00000254c6a20000]
CodeHeap 'non-nmethods': size=5760Kb used=1169Kb max_used=1170Kb free=4590Kb
 bounds [0x00000254bef50000, 0x00000254bf1c0000, 0x00000254bf4f0000]
 total_blobs=1517 nmethods=1084 adapters=345
 compilation: enabled
              stopped_count=0, restarted_count=0
 full_count=0

Compilation events (20 events):
Event: 12.208 Thread 0x00000254d23a8820 1079       3       sun.net.www.protocol.jar.Handler::indexOfBangSlash (52 bytes)
Event: 12.210 Thread 0x00000254d23a8820 nmethod 1079 0x00000254bf6c5590 code [0x00000254bf6c5800, 0x00000254bf6c62f8]
Event: 12.210 Thread 0x00000254d23a8820 1080       3       java.net.URLStreamHandler::setURL (159 bytes)
Event: 12.213 Thread 0x00000254d23a8820 nmethod 1080 0x00000254bf6c6710 code [0x00000254bf6c6aa0, 0x00000254bf6c8008]
Event: 12.217 Thread 0x00000254d359c3e0 nmethod 1072 0x00000254c6a84b90 code [0x00000254c6a84d60, 0x00000254c6a85308]
Event: 12.226 Thread 0x00000254d23a8820 1082       3       org.objectweb.asm.ClassReader::readUnsignedShort (26 bytes)
Event: 12.226 Thread 0x00000254d23a8820 nmethod 1082 0x00000254bf6c8910 code [0x00000254bf6c8aa0, 0x00000254bf6c8c18]
Event: 12.230 Thread 0x00000254d23a8820 1083       3       java.net.URL::toString (5 bytes)
Event: 12.230 Thread 0x00000254d23a8820 nmethod 1083 0x00000254bf6c8d10 code [0x00000254bf6c8ec0, 0x00000254bf6c90e8]
Event: 12.241 Thread 0x00000254d23a8820 1084   !   3       java.lang.ClassLoader::addClass (27 bytes)
Event: 12.242 Thread 0x00000254d23a8820 nmethod 1084 0x00000254bf6c9210 code [0x00000254bf6c93e0, 0x00000254bf6c9948]
Event: 12.243 Thread 0x00000254d23a8820 1085       3       java.lang.ClassLoader::defineClass (43 bytes)
Event: 12.244 Thread 0x00000254d23a8820 nmethod 1085 0x00000254bf6c9c90 code [0x00000254bf6c9e80, 0x00000254bf6ca378]
Event: 12.244 Thread 0x00000254d23a8820 1086       3       java.lang.ClassLoader::preDefineClass (118 bytes)
Event: 12.245 Thread 0x00000254d359c3e0 1087       4       java.util.WeakHashMap::indexFor (6 bytes)
Event: 12.245 Thread 0x00000254d359c3e0 nmethod 1087 0x00000254c6a85790 code [0x00000254c6a85900, 0x00000254c6a85958]
Event: 12.245 Thread 0x00000254d23a8820 nmethod 1086 0x00000254bf6ca610 code [0x00000254bf6ca980, 0x00000254bf6cbc38]
Event: 12.245 Thread 0x00000254d23a8820 1088       3       java.lang.ClassLoader::getNamedPackage (73 bytes)
Event: 12.246 Thread 0x00000254d23a8820 nmethod 1088 0x00000254bf6cc310 code [0x00000254bf6cc500, 0x00000254bf6cca48]
Event: 12.255 Thread 0x00000254d23a8820 1089       3       java.net.URI::quote (214 bytes)

GC Heap History (2 events):
Event: 11.982 GC heap before
{Heap before GC invocations=1 (full 0):
 PSYoungGen      total 29696K, used 25600K [0x00000000eab00000, 0x00000000ecc00000, 0x0000000100000000)
  eden space 25600K, 100% used [0x00000000eab00000,0x00000000ec400000,0x00000000ec400000)
  from space 4096K, 0% used [0x00000000ec800000,0x00000000ec800000,0x00000000ecc00000)
  to   space 4096K, 0% used [0x00000000ec400000,0x00000000ec400000,0x00000000ec800000)
 ParOldGen       total 68608K, used 0K [0x00000000c0000000, 0x00000000c4300000, 0x00000000eab00000)
  object space 68608K, 0% used [0x00000000c0000000,0x00000000c0000000,0x00000000c4300000)
 Metaspace       used 10830K, committed 10944K, reserved 1064960K
  class space    used 1087K, committed 1152K, reserved 1048576K
}
Event: 12.004 GC heap after
{Heap after GC invocations=1 (full 0):
 PSYoungGen      total 29696K, used 3240K [0x00000000eab00000, 0x00000000ecc00000, 0x0000000100000000)
  eden space 25600K, 0% used [0x00000000eab00000,0x00000000eab00000,0x00000000ec400000)
  from space 4096K, 79% used [0x00000000ec400000,0x00000000ec72a228,0x00000000ec800000)
  to   space 4096K, 0% used [0x00000000ec800000,0x00000000ec800000,0x00000000ecc00000)
 ParOldGen       total 68608K, used 0K [0x00000000c0000000, 0x00000000c4300000, 0x00000000eab00000)
  object space 68608K, 0% used [0x00000000c0000000,0x00000000c0000000,0x00000000c4300000)
 Metaspace       used 10830K, committed 10944K, reserved 1064960K
  class space    used 1087K, committed 1152K, reserved 1048576K
}

Deoptimization events (20 events):
Event: 9.652 Thread 0x00000254baaf5ee0 DEOPT PACKING pc=0x00000254c6a6a868 sp=0x000000723c8fe2c0
Event: 9.652 Thread 0x00000254baaf5ee0 DEOPT UNPACKING pc=0x00000254befa5923 sp=0x000000723c8fe1c8 mode 2
Event: 9.652 Thread 0x00000254baaf5ee0 Uncommon trap: trap_request=0xffffffde fr.pc=0x00000254c6a4dd9c relative=0x000000000000053c
Event: 9.652 Thread 0x00000254baaf5ee0 Uncommon trap: reason=class_check action=maybe_recompile pc=0x00000254c6a4dd9c method=java.util.Collections$UnmodifiableCollection$1.<init>(Ljava/util/Collections$UnmodifiableCollection;)V @ 17 c2
Event: 9.652 Thread 0x00000254baaf5ee0 DEOPT PACKING pc=0x00000254c6a4dd9c sp=0x000000723c8fe270
Event: 9.652 Thread 0x00000254baaf5ee0 DEOPT UNPACKING pc=0x00000254befa5923 sp=0x000000723c8fe1b8 mode 2
Event: 9.652 Thread 0x00000254baaf5ee0 Uncommon trap: trap_request=0xffffff45 fr.pc=0x00000254c6a5ad94 relative=0x0000000000000094
Event: 9.652 Thread 0x00000254baaf5ee0 Uncommon trap: reason=unstable_if action=reinterpret pc=0x00000254c6a5ad94 method=java.util.HashMap.hash(Ljava/lang/Object;)I @ 1 c2
Event: 9.652 Thread 0x00000254baaf5ee0 DEOPT PACKING pc=0x00000254c6a5ad94 sp=0x000000723c8fe120
Event: 9.652 Thread 0x00000254baaf5ee0 DEOPT UNPACKING pc=0x00000254befa5923 sp=0x000000723c8fe0b8 mode 2
Event: 11.897 Thread 0x00000254baaf5ee0 DEOPT PACKING pc=0x00000254bf53b252 sp=0x000000723c8f9bf0
Event: 11.897 Thread 0x00000254baaf5ee0 DEOPT UNPACKING pc=0x00000254befa6463 sp=0x000000723c8f9050 mode 0
Event: 12.213 Thread 0x00000254baaf5ee0 Uncommon trap: trap_request=0xffffff45 fr.pc=0x00000254c6a521b8 relative=0x0000000000000b98
Event: 12.213 Thread 0x00000254baaf5ee0 Uncommon trap: reason=unstable_if action=reinterpret pc=0x00000254c6a521b8 method=lombok.patcher.PatchScript.classMatches(Ljava/lang/String;Ljava/util/Collection;)Z @ 25 c2
Event: 12.213 Thread 0x00000254baaf5ee0 DEOPT PACKING pc=0x00000254c6a521b8 sp=0x000000723c8f83e0
Event: 12.213 Thread 0x00000254baaf5ee0 DEOPT UNPACKING pc=0x00000254befa5923 sp=0x000000723c8f83a0 mode 2
Event: 12.213 Thread 0x00000254baaf5ee0 Uncommon trap: trap_request=0xffffff45 fr.pc=0x00000254c6a4b514 relative=0x0000000000000074
Event: 12.213 Thread 0x00000254baaf5ee0 Uncommon trap: reason=unstable_if action=reinterpret pc=0x00000254c6a4b514 method=lombok.patcher.scripts.MethodLevelPatchScript.patch(Ljava/lang/String;[BLlombok/patcher/TransplantMapper;)[B @ 8 c2
Event: 12.213 Thread 0x00000254baaf5ee0 DEOPT PACKING pc=0x00000254c6a4b514 sp=0x000000723c8f8450
Event: 12.213 Thread 0x00000254baaf5ee0 DEOPT UNPACKING pc=0x00000254befa5923 sp=0x000000723c8f83e0 mode 2

Classes unloaded (0 events):
No events

Classes redefined (0 events):
No events

Internal exceptions (20 events):
Event: 5.070 Thread 0x00000254baaf5ee0 Exception <a 'java/io/FileNotFoundException'{0x00000000eb7212a0}> (0x00000000eb7212a0) 
thrown [s\src\hotspot\share\prims\jni.cpp, line 516]
Event: 5.071 Thread 0x00000254baaf5ee0 Exception <a 'java/io/FileNotFoundException'{0x00000000eb721fa0}> (0x00000000eb721fa0) 
thrown [s\src\hotspot\share\prims\jni.cpp, line 516]
Event: 5.072 Thread 0x00000254baaf5ee0 Exception <a 'java/io/FileNotFoundException'{0x00000000eb722c80}> (0x00000000eb722c80) 
thrown [s\src\hotspot\share\prims\jni.cpp, line 516]
Event: 5.130 Thread 0x00000254baaf5ee0 Implicit null exception at 0x00000254c6a43b72 to 0x00000254c6a440e8
Event: 5.252 Thread 0x00000254baaf5ee0 Exception <a 'java/io/FileNotFoundException'{0x00000000eb762c48}> (0x00000000eb762c48) 
thrown [s\src\hotspot\share\prims\jni.cpp, line 516]
Event: 8.793 Thread 0x00000254baaf5ee0 Exception <a 'java/lang/ClassNotFoundException'{0x00000000ebf5a078}: sun/net/www/protocol/c/Handler> (0x00000000ebf5a078) 
thrown [s\src\hotspot\share\classfile\systemDictionary.cpp, line 256]
Event: 8.796 Thread 0x00000254baaf5ee0 Exception <a 'java/lang/ClassNotFoundException'{0x00000000ebf5b3b8}: sun/net/www/protocol/c/Handler> (0x00000000ebf5b3b8) 
thrown [s\src\hotspot\share\classfile\systemDictionary.cpp, line 256]
Event: 8.797 Thread 0x00000254baaf5ee0 Exception <a 'java/lang/ClassNotFoundException'{0x00000000ebf5c530}: sun/net/www/protocol/c/Handler> (0x00000000ebf5c530) 
thrown [s\src\hotspot\share\classfile\systemDictionary.cpp, line 256]
Event: 9.112 Thread 0x00000254baaf5ee0 Exception <a 'java/io/FileNotFoundException'{0x00000000ebf7b318}> (0x00000000ebf7b318) 
thrown [s\src\hotspot\share\prims\jni.cpp, line 516]
Event: 9.651 Thread 0x00000254baaf5ee0 Implicit null exception at 0x00000254c6a5c6db to 0x00000254c6a5d034
Event: 9.651 Thread 0x00000254baaf5ee0 Implicit null exception at 0x00000254c6a70cf1 to 0x00000254c6a70ed0
Event: 9.652 Thread 0x00000254baaf5ee0 Implicit null exception at 0x00000254c6a6a671 to 0x00000254c6a6a850
Event: 9.652 Thread 0x00000254baaf5ee0 Implicit null exception at 0x00000254c6a5ad0f to 0x00000254c6a5ad85
Event: 10.443 Thread 0x00000254baaf5ee0 Exception <a 'java/lang/NoSuchMethodError'{0x00000000ec246a20}: 'int java.lang.invoke.DirectMethodHandle$Holder.invokeStaticInit(java.lang.Object, java.lang.Object, java.lang.Object, java.lang.Object)'> (0x00000000ec246a20) 
thrown [s\src\hotspot\share\interpreter\linkResolver.cpp, line 759]
Event: 10.447 Thread 0x00000254baaf5ee0 Exception <a 'java/lang/NoSuchMethodError'{0x00000000ec251090}: 'java.lang.Object java.lang.invoke.DirectMethodHandle$Holder.invokeInterface(java.lang.Object, java.lang.Object)'> (0x00000000ec251090) 
thrown [s\src\hotspot\share\interpreter\linkResolver.cpp, line 759]
Event: 10.448 Thread 0x00000254baaf5ee0 Exception <a 'java/lang/IncompatibleClassChangeError'{0x00000000ec254888}: Found class java.lang.Object, but interface was expected> (0x00000000ec254888) 
thrown [s\src\hotspot\share\interpreter\linkResolver.cpp, line 826]
Event: 10.449 Thread 0x00000254baaf5ee0 Exception <a 'java/lang/NoSuchMethodError'{0x00000000ec258d80}: 'void java.lang.invoke.DirectMethodHandle$Holder.invokeStatic(java.lang.Object, java.lang.Object)'> (0x00000000ec258d80) 
thrown [s\src\hotspot\share\interpreter\linkResolver.cpp, line 759]
Event: 10.450 Thread 0x00000254baaf5ee0 Exception <a 'java/lang/NoSuchMethodError'{0x00000000ec25c580}: 'void java.lang.invoke.DirectMethodHandle$Holder.invokeStaticInit(java.lang.Object, java.lang.Object)'> (0x00000000ec25c580) 
thrown [s\src\hotspot\share\interpreter\linkResolver.cpp, line 759]
Event: 10.454 Thread 0x00000254baaf5ee0 Exception <a 'java/lang/NoSuchMethodError'{0x00000000ec263a18}: 'int java.lang.invoke.DirectMethodHandle$Holder.invokeStaticInit(java.lang.Object, java.lang.Object)'> (0x00000000ec263a18) 
thrown [s\src\hotspot\share\interpreter\linkResolver.cpp, line 759]
Event: 11.929 Thread 0x00000254baaf5ee0 Exception <a 'java/lang/NoSuchMethodError'{0x00000000ec38bd50}: 'void java.lang.invoke.DirectMethodHandle$Holder.invokeSpecial(java.lang.Object, java.lang.Object, java.lang.Object)'> (0x00000000ec38bd50) 
thrown [s\src\hotspot\share\interpreter\linkResolver.cpp, line 759]

VM Operations (20 events):
Event: 4.473 Executing VM operation: HandshakeAllThreads done
Event: 4.473 Executing VM operation: Cleanup
Event: 4.473 Executing VM operation: Cleanup done
Event: 4.719 Executing VM operation: HandshakeAllThreads
Event: 4.720 Executing VM operation: HandshakeAllThreads done
Event: 5.733 Executing VM operation: Cleanup
Event: 5.734 Executing VM operation: Cleanup done
Event: 6.739 Executing VM operation: Cleanup
Event: 7.456 Executing VM operation: Cleanup done
Event: 8.467 Executing VM operation: Cleanup
Event: 8.514 Executing VM operation: Cleanup done
Event: 8.525 Executing VM operation: HandshakeAllThreads
Event: 8.525 Executing VM operation: HandshakeAllThreads done
Event: 9.528 Executing VM operation: Cleanup
Event: 9.529 Executing VM operation: Cleanup done
Event: 10.539 Executing VM operation: Cleanup
Event: 10.539 Executing VM operation: Cleanup done
Event: 11.982 Executing VM operation: ParallelGCFailedAllocation
Event: 12.004 Executing VM operation: ParallelGCFailedAllocation done
Event: 13.017 Executing VM operation: Cleanup

Events (20 events):
Event: 12.057 loading class java/util/concurrent/SynchronousQueue$TransferStack done
Event: 12.057 loading class java/util/concurrent/SynchronousQueue$TransferStack$SNode
Event: 12.057 loading class java/util/concurrent/ForkJoinPool$ManagedBlocker
Event: 12.057 loading class java/util/concurrent/ForkJoinPool$ManagedBlocker done
Event: 12.058 loading class java/util/concurrent/SynchronousQueue$TransferStack$SNode done
Event: 12.066 loading class java/util/concurrent/RejectedExecutionHandler
Event: 12.067 loading class java/util/concurrent/RejectedExecutionHandler done
Event: 12.068 loading class java/util/concurrent/LinkedBlockingQueue
Event: 12.073 loading class java/util/concurrent/LinkedBlockingQueue done
Event: 12.074 loading class java/util/concurrent/LinkedBlockingQueue$Node
Event: 12.074 loading class java/util/concurrent/LinkedBlockingQueue$Node done
Event: 12.102 loading class java/util/regex/CharPredicates
Event: 12.103 loading class java/util/regex/CharPredicates done
Event: 12.152 loading class java/util/concurrent/Semaphore$NonfairSync
Event: 12.152 loading class java/util/concurrent/Semaphore$Sync
Event: 12.152 loading class java/util/concurrent/Semaphore$Sync done
Event: 12.152 loading class java/util/concurrent/Semaphore$NonfairSync done
Event: 12.182 Thread 0x00000254d359c3e0 Thread added: 0x00000254d359c3e0
Event: 12.230 loading class java/lang/TypeNotPresentException
Event: 12.230 loading class java/lang/TypeNotPresentException done


Dynamic libraries:
0x00007ff700920000 - 0x00007ff70092e000 	c:\Users\HP\.antigravity\extensions\redhat.java-1.12.0-win32-x64\jre\17.0.4.1-win32-x86_64\bin\java.exe
0x00007ffdc41a0000 - 0x00007ffdc4408000 	C:\Windows\SYSTEM32\ntdll.dll
0x00007ffdc34f0000 - 0x00007ffdc35b9000 	C:\Windows\System32\KERNEL32.DLL
0x00007ffdc1a60000 - 0x00007ffdc1e51000 	C:\Windows\System32\KERNELBASE.dll
0x00007ffdc1910000 - 0x00007ffdc1a5b000 	C:\Windows\System32\ucrtbase.dll
0x00007ffda85b0000 - 0x00007ffda85c8000 	c:\Users\HP\.antigravity\extensions\redhat.java-1.12.0-win32-x64\jre\17.0.4.1-win32-x86_64\bin\jli.dll
0x00007ffdc3210000 - 0x00007ffdc33d6000 	C:\Windows\System32\USER32.dll
0x00007ffdc1f10000 - 0x00007ffdc1f37000 	C:\Windows\System32\win32u.dll
0x00007ffdc26a0000 - 0x00007ffdc26cb000 	C:\Windows\System32\GDI32.dll
0x00007ffdc0f70000 - 0x00007ffdc109b000 	C:\Windows\System32\gdi32full.dll
0x00007ffdc0d50000 - 0x00007ffdc0df3000 	C:\Windows\System32\msvcp_win.dll
0x00007ffda7b90000 - 0x00007ffda7ba9000 	c:\Users\HP\.antigravity\extensions\redhat.java-1.12.0-win32-x64\jre\17.0.4.1-win32-x86_64\bin\VCRUNTIME140.dll
0x00007ffda9b00000 - 0x00007ffda9d93000 	C:\Windows\WinSxS\amd64_microsoft.windows.common-controls_6595b64144ccf1df_6.0.26100.7824_none_3e0870b2e3345462\COMCTL32.dll
0x00007ffdc2ae0000 - 0x00007ffdc2b89000 	C:\Windows\System32\msvcrt.dll
0x00007ffdc2aa0000 - 0x00007ffdc2ad1000 	C:\Windows\System32\IMM32.DLL
0x00007ffdbb7c0000 - 0x00007ffdbb7cc000 	c:\Users\HP\.antigravity\extensions\redhat.java-1.12.0-win32-x64\jre\17.0.4.1-win32-x86_64\bin\vcruntime140_1.dll
0x00007ffd42fc0000 - 0x00007ffd43051000 	c:\Users\HP\.antigravity\extensions\redhat.java-1.12.0-win32-x64\jre\17.0.4.1-win32-x86_64\bin\msvcp140.dll
0x00007ffd31c90000 - 0x00007ffd328d6000 	c:\Users\HP\.antigravity\extensions\redhat.java-1.12.0-win32-x64\jre\17.0.4.1-win32-x86_64\bin\server\jvm.dll
0x00007ffdc35c0000 - 0x00007ffdc3674000 	C:\Windows\System32\ADVAPI32.dll
0x00007ffdc33e0000 - 0x00007ffdc3486000 	C:\Windows\System32\sechost.dll
0x00007ffdc3f10000 - 0x00007ffdc4028000 	C:\Windows\System32\RPCRT4.dll
0x00007ffdc3020000 - 0x00007ffdc3028000 	C:\Windows\System32\PSAPI.DLL
0x00007ffdb8190000 - 0x00007ffdb819a000 	C:\Windows\SYSTEM32\WSOCK32.dll
0x00007ffdc3e90000 - 0x00007ffdc3f04000 	C:\Windows\System32\WS2_32.dll
0x00007ffda6db0000 - 0x00007ffda6de5000 	C:\Windows\SYSTEM32\WINMM.dll
0x00007ffdba9c0000 - 0x00007ffdba9cb000 	C:\Windows\SYSTEM32\VERSION.dll
0x00007ffdbf7f0000 - 0x00007ffdbf80b000 	C:\Windows\SYSTEM32\kernel.appcore.dll
0x00007ffdb6f20000 - 0x00007ffdb6f2a000 	c:\Users\HP\.antigravity\extensions\redhat.java-1.12.0-win32-x64\jre\17.0.4.1-win32-x86_64\bin\jimage.dll
0x00007ffdbe9d0000 - 0x00007ffdbec12000 	C:\Windows\SYSTEM32\DBGHELP.DLL
0x00007ffdc3800000 - 0x00007ffdc3b86000 	C:\Windows\System32\combase.dll
0x00007ffdc3030000 - 0x00007ffdc3107000 	C:\Windows\System32\OLEAUT32.dll
0x00007ffda59b0000 - 0x00007ffda59eb000 	C:\Windows\SYSTEM32\dbgcore.DLL
0x00007ffdc1e60000 - 0x00007ffdc1f05000 	C:\Windows\System32\bcryptPrimitives.dll
0x00007ffdb62a0000 - 0x00007ffdb62ae000 	c:\Users\HP\.antigravity\extensions\redhat.java-1.12.0-win32-x64\jre\17.0.4.1-win32-x86_64\bin\instrument.dll
0x00007ffd8a210000 - 0x00007ffd8a235000 	c:\Users\HP\.antigravity\extensions\redhat.java-1.12.0-win32-x64\jre\17.0.4.1-win32-x86_64\bin\java.dll
0x00007ffda5f70000 - 0x00007ffda5f88000 	c:\Users\HP\.antigravity\extensions\redhat.java-1.12.0-win32-x64\jre\17.0.4.1-win32-x86_64\bin\zip.dll
0x00007ffdc1f40000 - 0x00007ffdc2692000 	C:\Windows\System32\SHELL32.dll
0x00007ffdc0e00000 - 0x00007ffdc0f6a000 	C:\Windows\System32\wintypes.dll
0x00007ffdc10a0000 - 0x00007ffdc1903000 	C:\Windows\System32\windows.storage.dll
0x00007ffdc3110000 - 0x00007ffdc3206000 	C:\Windows\System32\SHCORE.dll
0x00007ffdc3790000 - 0x00007ffdc37f7000 	C:\Windows\System32\shlwapi.dll
0x00007ffdc09a0000 - 0x00007ffdc09c9000 	C:\Windows\SYSTEM32\profapi.dll
0x00007ffda5340000 - 0x00007ffda5359000 	C:\Users\HP\.antigravity\extensions\redhat.java-1.12.0-win32-x64\jre\17.0.4.1-win32-x86_64\bin\net.dll
0x00007ffdb5850000 - 0x00007ffdb5977000 	C:\Windows\SYSTEM32\WINHTTP.dll
0x00007ffdbfd70000 - 0x00007ffdbfddb000 	C:\Windows\system32\mswsock.dll
0x00007ffd8a490000 - 0x00007ffd8a4a5000 	C:\Users\HP\.antigravity\extensions\redhat.java-1.12.0-win32-x64\jre\17.0.4.1-win32-x86_64\bin\nio.dll
0x00007ffdb61f0000 - 0x00007ffdb6200000 	c:\Users\HP\.antigravity\extensions\redhat.java-1.12.0-win32-x64\jre\17.0.4.1-win32-x86_64\bin\verify.dll

dbghelp: loaded successfully - version: 4.0.5 - missing functions: none
symbol engine: initialized successfully - sym options: 0x614 - pdb path: .;c:\Users\HP\.antigravity\extensions\redhat.java-1.12.0-win32-x64\jre\17.0.4.1-win32-x86_64\bin;C:\Windows\SYSTEM32;C:\Windows\WinSxS\amd64_microsoft.windows.common-controls_6595b64144ccf1df_6.0.26100.7824_none_3e0870b2e3345462;c:\Users\HP\.antigravity\extensions\redhat.java-1.12.0-win32-x64\jre\17.0.4.1-win32-x86_64\bin\server

VM Arguments:
jvm_args: --add-modules=ALL-SYSTEM --add-opens=java.base/java.util=ALL-UNNAMED --add-opens=java.base/java.lang=ALL-UNNAMED --add-opens=java.base/sun.nio.fs=ALL-UNNAMED -Declipse.application=org.eclipse.jdt.ls.core.id1 -Dosgi.bundles.defaultStartLevel=4 -Declipse.product=org.eclipse.jdt.ls.core.product -Djava.import.generatesMetadataFilesAtProjectRoot=false -Dfile.encoding=utf8 -XX:+UseParallelGC -XX:GCTimeRatio=4 -XX:AdaptiveSizePolicyWeight=90 -Dsun.zip.disableMemoryMapping=true -Xmx1G -Xms100m -Xlog:disable -javaagent:c:\Users\HP\.antigravity\extensions\redhat.java-1.12.0-win32-x64\lombok\lombok-1.18.24.jar 
java_command: c:\Users\HP\.antigravity\extensions\redhat.java-1.12.0-win32-x64\server\plugins\org.eclipse.equinox.launcher_1.6.400.v20210924-0641.jar -configuration c:\Users\HP\AppData\Roaming\Antigravity\User\globalStorage\redhat.java\1.12.0\config_ss_win -data c:\Users\HP\AppData\Roaming\Antigravity\User\workspaceStorage\7b8b61b299eea0f559376d513b5d8a95\redhat.java\ss_ws
java_class_path (initial): c:\Users\HP\.antigravity\extensions\redhat.java-1.12.0-win32-x64\server\plugins\org.eclipse.equinox.launcher_1.6.400.v20210924-0641.jar
Launcher Type: SUN_STANDARD

[Global flags]
    uintx AdaptiveSizePolicyWeight                 = 90                                        {product} {command line}
     intx CICompilerCount                          = 4                                         {product} {ergonomic}
    uintx GCTimeRatio                              = 4                                         {product} {command line}
   size_t InitialHeapSize                          = 104857600                                 {product} {command line}
   size_t MaxHeapSize                              = 1073741824                                {product} {command line}
   size_t MaxNewSize                               = 357564416                                 {product} {ergonomic}
   size_t MinHeapDeltaBytes                        = 524288                                    {product} {ergonomic}
   size_t MinHeapSize                              = 104857600                                 {product} {command line}
   size_t NewSize                                  = 34603008                                  {product} {ergonomic}
    uintx NonNMethodCodeHeapSize                   = 5839372                                {pd product} {ergonomic}
    uintx NonProfiledCodeHeapSize                  = 122909434                              {pd product} {ergonomic}
   size_t OldSize                                  = 70254592                                  {product} {ergonomic}
    uintx ProfiledCodeHeapSize                     = 122909434                              {pd product} {ergonomic}
    uintx ReservedCodeCacheSize                    = 251658240                              {pd product} {ergonomic}
     bool SegmentedCodeCache                       = true                                      {product} {ergonomic}
   size_t SoftMaxHeapSize                          = 1073741824                             {manageable} {ergonomic}
     bool UseCompressedClassPointers               = true                           {product lp64_product} {ergonomic}
     bool UseCompressedOops                        = true                           {product lp64_product} {ergonomic}
     bool UseLargePagesIndividualAllocation        = false                                  {pd product} {ergonomic}
     bool UseParallelGC                            = true                                      {product} {command line}

Logging:
Log output configuration:
 #0: stdout all=off uptime,level,tags
 #1: stderr all=off uptime,level,tags

Environment Variables:
PATH=C:\Program Files\Eclipse Adoptium\jdk-17.0.14.7-hotspot\bin;C:\Windows\system32;C:\Windows;C:\Windows\System32\Wbem;C:\Windows\System32\WindowsPowerShell\v1.0\;C:\Windows\System32\OpenSSH\;C:\Program Files\dotnet\;C:\Program Files\Microsoft SQL Server\150\Tools\Binn\;C:\Program Files\Microsoft SQL Server\Client SDK\ODBC\170\Tools\Binn\;C:\Program Files\Git\cmd;C:\Users\HP\.config\herd\bin\nvm;C:\Program Files\nodejs;C:\Program Files (x86)\Microsoft SQL Server\150\Tools\Binn\;C:\Program Files\Microsoft SQL Server\150\DTS\Binn\;C:\Program Files\Microsoft SQL Server\170\DTS\Binn\;C:\Program Files (x86)\Windows Kits\10\Windows Performance Toolkit\;C:\Program Files\Git LFS;C:\Users\HP\.config\herd\bin;C:\Program Files\MySQL\MySQL Shell 8.0\bin\;C:\Users\HP\AppData\Local\Microsoft\WindowsApps;C:\Users\HP\.dotnet\tools;C:\Users\HP\AppData\Local\Programs\Antigravity\bin
USERNAME=HP
OS=Windows_NT
PROCESSOR_IDENTIFIER=Intel64 Family 6 Model 126 Stepping 5, GenuineIntel
TMP=C:\Users\HP\AppData\Local\Temp
TEMP=C:\Users\HP\AppData\Local\Temp



---------------  S Y S T E M  ---------------

OS:
 Windows 11 , 64 bit Build 26100 (10.0.26100.7705)
OS uptime: 6 days 7:44 hours
Hyper-V role detected

CPU: total 8 (initial active 8) (4 cores per cpu, 2 threads per core) family 6 model 126 stepping 5 microcode 0xb2, cx8, cmov, fxsr, ht, mmx, 3dnowpref, sse, sse2, sse3, ssse3, sse4.1, sse4.2, popcnt, lzcnt, tsc, tscinvbit, avx, avx2, aes, erms, clmul, bmi1, bmi2, adx, avx512f, avx512dq, avx512cd, avx512bw, avx512vl, sha, fma, vzeroupper, avx512_vpopcntdq, avx512_vpclmulqdq, avx512_vaes, avx512_vnni, clflush, clflushopt, avx512_vbmi2, avx512_vbmi, hv

Memory: 4k page, system-wide physical 16161M (1232M free)
TotalPageFile size 24353M (AvailPageFile size 6M)
current process WorkingSet (physical memory assigned to process): 77M, peak: 77M
current process commit charge ("private bytes"): 197M, peak: 198M

vm_info: OpenJDK 64-Bit Server VM (17.0.4.1+1) for windows-amd64 JRE (17.0.4.1+1), built on Aug 17 2022 07:42:43 by "temurin" with MS VC++ 16.7 (VS2019)

END.
